{"numTotalTestSuites":63,"numPassedTestSuites":63,"numFailedTestSuites":0,"numPendingTestSuites":0,"numTotalTests":199,"numPassedTests":199,"numFailedTests":0,"numPendingTests":0,"numTodoTests":0,"startTime":1761285460469,"success":true,"testResults":[{"assertionResults":[{"ancestorTitles":["","EventController - programLabels array handling"],"fullName":" EventController - programLabels array handling should accept empty programLabels array","status":"passed","title":"should accept empty programLabels array","duration":4,"failureMessages":[]},{"ancestorTitles":["","EventController - programLabels array handling"],"fullName":" EventController - programLabels array handling should accept single program in programLabels array","status":"passed","title":"should accept single program in programLabels array","duration":3,"failureMessages":[]},{"ancestorTitles":["","EventController - programLabels array handling"],"fullName":" EventController - programLabels array handling should accept multiple programs in programLabels array","status":"passed","title":"should accept multiple programs in programLabels array","duration":3,"failureMessages":[]},{"ancestorTitles":["","EventController - programLabels array handling"],"fullName":" EventController - programLabels array handling should reject invalid program ID in programLabels array","status":"passed","title":"should reject invalid program ID in programLabels array","duration":2,"failureMessages":[]},{"ancestorTitles":["","EventController - programLabels array handling"],"fullName":" EventController - programLabels array handling should reject non-existent program ID in programLabels array","status":"passed","title":"should reject non-existent program ID in programLabels array","duration":2,"failureMessages":[]},{"ancestorTitles":["","EventController - programLabels array handling"],"fullName":" EventController - programLabels array handling should filter out null/undefined/empty values from programLabels","status":"passed","title":"should filter out null/undefined/empty values from programLabels","duration":3,"failureMessages":[]},{"ancestorTitles":["","EventController - programLabels array handling"],"fullName":" EventController - programLabels array handling should deduplicate program IDs in programLabels array","status":"passed","title":"should deduplicate program IDs in programLabels array","duration":3,"failureMessages":[]}],"startTime":1761285461148,"endTime":1761285461168,"status":"passed","message":"","name":"/Users/dr.hunter/CS Projects/at-Cloud-sign-up-system/backend/tests/unit/controllers/eventController.mentorCircle.test.ts"},{"assertionResults":[{"ancestorTitles":["","EventController","helpers: getEventStatus and updateEventStatusIfNeeded"],"fullName":" EventController helpers: getEventStatus and updateEventStatusIfNeeded getEventStatus returns upcoming/ongoing/completed correctly","status":"passed","title":"getEventStatus returns upcoming/ongoing/completed correctly","duration":1,"failureMessages":[]},{"ancestorTitles":["","EventController","helpers: getEventStatus and updateEventStatusIfNeeded"],"fullName":" EventController helpers: getEventStatus and updateEventStatusIfNeeded updateEventStatusIfNeeded updates DB and invalidates caches when status changes","status":"passed","title":"updateEventStatusIfNeeded updates DB and invalidates caches when status changes","duration":2,"failureMessages":[]},{"ancestorTitles":["","EventController","helpers: getEventStatus and updateEventStatusIfNeeded"],"fullName":" EventController helpers: getEventStatus and updateEventStatusIfNeeded updateEventStatusIfNeeded does nothing when status unchanged","status":"passed","title":"updateEventStatusIfNeeded does nothing when status unchanged","duration":0,"failureMessages":[]},{"ancestorTitles":["","EventController","helpers: getEventStatus and updateEventStatusIfNeeded"],"fullName":" EventController helpers: getEventStatus and updateEventStatusIfNeeded updateEventStatusIfNeeded skips updates for cancelled events","status":"passed","title":"updateEventStatusIfNeeded skips updates for cancelled events","duration":0,"failureMessages":[]},{"ancestorTitles":["","EventController","helpers: getEventStatus and updateEventStatusIfNeeded"],"fullName":" EventController helpers: getEventStatus and updateEventStatusIfNeeded getEventStatus handles boundary at exact start and end instants","status":"passed","title":"getEventStatus handles boundary at exact start and end instants","duration":12,"failureMessages":[]},{"ancestorTitles":["","EventController","helpers: getEventStatus and updateEventStatusIfNeeded"],"fullName":" EventController helpers: getEventStatus and updateEventStatusIfNeeded getEventStatus supports multi-day event (date != endDate)","status":"passed","title":"getEventStatus supports multi-day event (date != endDate)","duration":2,"failureMessages":[]},{"ancestorTitles":["","EventController","helpers: getEventStatus and updateEventStatusIfNeeded"],"fullName":" EventController helpers: getEventStatus and updateEventStatusIfNeeded getEventStatus respects timezone for start/end determination","status":"passed","title":"getEventStatus respects timezone for start/end determination","duration":2,"failureMessages":[]},{"ancestorTitles":["","EventController","helpers: getEventStatus and updateEventStatusIfNeeded"],"fullName":" EventController helpers: getEventStatus and updateEventStatusIfNeeded getEventStatus does NOT prematurely mark 16:00-18:00 PDT event completed before 14:00 PDT","status":"passed","title":"getEventStatus does NOT prematurely mark 16:00-18:00 PDT event completed before 14:00 PDT","duration":3,"failureMessages":[]},{"ancestorTitles":["","EventController","helpers: getEventStatus and updateEventStatusIfNeeded"],"fullName":" EventController helpers: getEventStatus and updateEventStatusIfNeeded (document) missing timeZone falls back to server local interpretation","status":"passed","title":"(document) missing timeZone falls back to server local interpretation","duration":1,"failureMessages":[]},{"ancestorTitles":["","EventController","createEvent overlap detection"],"fullName":" EventController createEvent overlap detection should return 409 when new event overlaps existing","status":"passed","title":"should return 409 when new event overlaps existing","duration":2,"failureMessages":[]},{"ancestorTitles":["","EventController","helpers: populateFreshOrganizerContacts"],"fullName":" EventController helpers: populateFreshOrganizerContacts returns [] for empty or missing organizerDetails","status":"passed","title":"returns [] for empty or missing organizerDetails","duration":0,"failureMessages":[]},{"ancestorTitles":["","EventController","helpers: populateFreshOrganizerContacts"],"fullName":" EventController helpers: populateFreshOrganizerContacts replaces contact fields from User when userId is present and found","status":"passed","title":"replaces contact fields from User when userId is present and found","duration":1,"failureMessages":[]},{"ancestorTitles":["","EventController","helpers: populateFreshOrganizerContacts"],"fullName":" EventController helpers: populateFreshOrganizerContacts falls back to stored organizer data when no userId or user not found","status":"passed","title":"falls back to stored organizer data when no userId or user not found","duration":0,"failureMessages":[]},{"ancestorTitles":["","EventController","getAllEvents"],"fullName":" EventController getAllEvents should exist","status":"passed","title":"should exist","duration":0,"failureMessages":[]},{"ancestorTitles":["","EventController","getAllEvents"],"fullName":" EventController getAllEvents should successfully get events with pagination","status":"passed","title":"should successfully get events with pagination","duration":2,"failureMessages":[]},{"ancestorTitles":["","EventController","getAllEvents"],"fullName":" EventController getAllEvents applies status filter and descending sort","status":"passed","title":"applies status filter and descending sort","duration":0,"failureMessages":[]},{"ancestorTitles":["","EventController","getAllEvents"],"fullName":" EventController getAllEvents builds totalSlots with $gte only when minParticipants provided","status":"passed","title":"builds totalSlots with $gte only when minParticipants provided","duration":1,"failureMessages":[]},{"ancestorTitles":["","EventController","getAllEvents"],"fullName":" EventController getAllEvents augments existing totalSlots with $lte when both min and max provided","status":"passed","title":"augments existing totalSlots with $lte when both min and max provided","duration":0,"failureMessages":[]},{"ancestorTitles":["","EventController","getAllEvents"],"fullName":" EventController getAllEvents builds search and date range filters","status":"passed","title":"builds search and date range filters","duration":0,"failureMessages":[]},{"ancestorTitles":["","EventController","getAllEvents"],"fullName":" EventController getAllEvents builds totalSlots with $lte only when maxParticipants provided","status":"passed","title":"builds totalSlots with $lte only when maxParticipants provided","duration":0,"failureMessages":[]},{"ancestorTitles":["","EventController","getAllEvents"],"fullName":" EventController getAllEvents uses default ascending date sort when sort params omitted","status":"passed","title":"uses default ascending date sort when sort params omitted","duration":1,"failureMessages":[]},{"ancestorTitles":["","EventController","getAllEvents"],"fullName":" EventController getAllEvents updates event statuses when no status filter and invalidates caches","status":"passed","title":"updates event statuses when no status filter and invalidates caches","duration":0,"failureMessages":[]},{"ancestorTitles":["","EventController","getAllEvents"],"fullName":" EventController getAllEvents applies category filter and sets ascending sort by default","status":"passed","title":"applies category filter and sets ascending sort by default","duration":1,"failureMessages":[]},{"ancestorTitles":["","EventController","getAllEvents"],"fullName":" EventController getAllEvents applies combined filters: status + type + category with custom sort","status":"passed","title":"applies combined filters: status + type + category with custom sort","duration":0,"failureMessages":[]},{"ancestorTitles":["","EventController","getAllEvents"],"fullName":" EventController getAllEvents returns 500 when counting total events fails","status":"passed","title":"returns 500 when counting total events fails","duration":9,"failureMessages":[]},{"ancestorTitles":["","EventController","getAllEvents"],"fullName":" EventController getAllEvents computes hasNext correctly when there are more pages","status":"passed","title":"computes hasNext correctly when there are more pages","duration":0,"failureMessages":[]},{"ancestorTitles":["","EventController","getAllEvents"],"fullName":" EventController getAllEvents computes hasPrev true and hasNext false on the last page","status":"passed","title":"computes hasPrev true and hasNext false on the last page","duration":1,"failureMessages":[]},{"ancestorTitles":["","EventController","getAllEvents"],"fullName":" EventController getAllEvents returns 500 when ResponseBuilder throws","status":"passed","title":"returns 500 when ResponseBuilder throws","duration":0,"failureMessages":[]},{"ancestorTitles":["","EventController","getEventById"],"fullName":" EventController getEventById should exist","status":"passed","title":"should exist","duration":0,"failureMessages":[]},{"ancestorTitles":["","EventController","getEventById"],"fullName":" EventController getEventById should successfully get event by ID","status":"passed","title":"should successfully get event by ID","duration":1,"failureMessages":[]},{"ancestorTitles":["","EventController","getEventById"],"fullName":" EventController getEventById should return 404 for non-existent event","status":"passed","title":"should return 404 for non-existent event","duration":0,"failureMessages":[]},{"ancestorTitles":["","EventController","getEventById"],"fullName":" EventController getEventById should return 400 for invalid event ID","status":"passed","title":"should return 400 for invalid event ID","duration":2,"failureMessages":[]},{"ancestorTitles":["","EventController","getEventById"],"fullName":" EventController getEventById returns 404 when registration builder returns null despite event existing","status":"passed","title":"returns 404 when registration builder returns null despite event existing","duration":0,"failureMessages":[]},{"ancestorTitles":["","EventController","getEventById"],"fullName":" EventController getEventById returns 500 on unexpected DB error","status":"passed","title":"returns 500 on unexpected DB error","duration":0,"failureMessages":[]},{"ancestorTitles":["","EventController","createEvent"],"fullName":" EventController createEvent should exist","status":"passed","title":"should exist","duration":0,"failureMessages":[]},{"ancestorTitles":["","EventController","createEvent"],"fullName":" EventController createEvent should successfully create a new event","status":"passed","title":"should successfully create a new event","duration":6,"failureMessages":[]},{"ancestorTitles":["","EventController","createEvent"],"fullName":" EventController createEvent should return 400 for missing required fields","status":"passed","title":"should return 400 for missing required fields","duration":0,"failureMessages":[]},{"ancestorTitles":["","EventController","createEvent"],"fullName":" EventController createEvent should return 403 for insufficient permissions","status":"passed","title":"should return 403 for insufficient permissions","duration":0,"failureMessages":[]},{"ancestorTitles":["","EventController","createEvent","Event Creation Business Logic","Authentication and Authorization"],"fullName":" EventController createEvent Event Creation Business Logic Authentication and Authorization should reject unauthenticated users","status":"passed","title":"should reject unauthenticated users","duration":0,"failureMessages":[]},{"ancestorTitles":["","EventController","createEvent","Event Creation Business Logic","Date Validation"],"fullName":" EventController createEvent Event Creation Business Logic Date Validation should reject events with past dates","status":"passed","title":"should reject events with past dates","duration":1,"failureMessages":[]},{"ancestorTitles":["","EventController","createEvent","Event Creation Business Logic","Date Validation"],"fullName":" EventController createEvent Event Creation Business Logic Date Validation should accept events with future dates","status":"passed","title":"should accept events with future dates","duration":0,"failureMessages":[]},{"ancestorTitles":["","EventController","createEvent","Event Creation Business Logic","Date Validation"],"fullName":" EventController createEvent Event Creation Business Logic Date Validation should handle Date object conversion correctly","status":"passed","title":"should handle Date object conversion correctly","duration":0,"failureMessages":[]},{"ancestorTitles":["","EventController","createEvent","Event Creation Business Logic","Background co-organizer notifications"],"fullName":" EventController createEvent Event Creation Business Logic Background co-organizer notifications triggers background aggregation .then after co-organizer emails and system messages","status":"passed","title":"triggers background aggregation .then after co-organizer emails and system messages","duration":3,"failureMessages":[]},{"ancestorTitles":["","EventController","createEvent","Event Creation Business Logic","Background co-organizer notifications"],"fullName":" EventController createEvent Event Creation Business Logic Background co-organizer notifications logs no co-organizers found path when organizerDetails exist but getEventCoOrganizers returns empty","status":"passed","title":"logs no co-organizers found path when organizerDetails exist but getEventCoOrganizers returns empty","duration":1,"failureMessages":[]},{"ancestorTitles":["","EventController","createEvent","Event Creation Business Logic","Background co-organizer notifications"],"fullName":" EventController createEvent Event Creation Business Logic Background co-organizer notifications continues when some co-organizer email/system sends fail (caught inside map)","status":"passed","title":"continues when some co-organizer email/system sends fail (caught inside map)","duration":2,"failureMessages":[]},{"ancestorTitles":["","EventController","createEvent","Event Creation Business Logic","Population and co-organizer outer-catch branches"],"fullName":" EventController createEvent Event Creation Business Logic Population and co-organizer outer-catch branches falls back to raw event when population fails (catch path)","status":"passed","title":"falls back to raw event when population fails (catch path)","duration":0,"failureMessages":[]},{"ancestorTitles":["","EventController","createEvent","Event Creation Business Logic","Population and co-organizer outer-catch branches"],"fullName":" EventController createEvent Event Creation Business Logic Population and co-organizer outer-catch branches handles co-organizer outer catch without failing createEvent","status":"passed","title":"handles co-organizer outer catch without failing createEvent","duration":1,"failureMessages":[]},{"ancestorTitles":["","EventController","createEvent","Event Creation Business Logic","Format-Specific Validation"],"fullName":" EventController createEvent Event Creation Business Logic Format-Specific Validation should allow creating Online events without zoomLink (optional)","status":"passed","title":"should allow creating Online events without zoomLink (optional)","duration":0,"failureMessages":[]},{"ancestorTitles":["","EventController","createEvent","Event Creation Business Logic","Format-Specific Validation"],"fullName":" EventController createEvent Event Creation Business Logic Format-Specific Validation should require location for In-person events","status":"passed","title":"should require location for In-person events","duration":1,"failureMessages":[]},{"ancestorTitles":["","EventController","createEvent","Event Creation Business Logic","Format-Specific Validation"],"fullName":" EventController createEvent Event Creation Business Logic Format-Specific Validation should require location but allow optional zoomLink for Hybrid events","status":"passed","title":"should require location but allow optional zoomLink for Hybrid events","duration":0,"failureMessages":[]},{"ancestorTitles":["","EventController","createEvent","Event Creation Business Logic","Format-Specific Validation"],"fullName":" EventController createEvent Event Creation Business Logic Format-Specific Validation should remove zoomLink for In-person events","status":"passed","title":"should remove zoomLink for In-person events","duration":0,"failureMessages":[]},{"ancestorTitles":["","EventController","createEvent","Event Creation Business Logic","Format-Specific Validation"],"fullName":" EventController createEvent Event Creation Business Logic Format-Specific Validation should convert empty zoomLink string to undefined and succeed","status":"passed","title":"should convert empty zoomLink string to undefined and succeed","duration":1,"failureMessages":[]},{"ancestorTitles":["","EventController","createEvent","Event Creation Business Logic","Role Validation"],"fullName":" EventController createEvent Event Creation Business Logic Role Validation should reject events with no roles","status":"passed","title":"should reject events with no roles","duration":0,"failureMessages":[]},{"ancestorTitles":["","EventController","createEvent","Event Creation Business Logic","Role Validation"],"fullName":" EventController createEvent Event Creation Business Logic Role Validation should reject events with missing roles field","status":"passed","title":"should reject events with missing roles field","duration":0,"failureMessages":[]},{"ancestorTitles":["","EventController","createEvent","Event Creation Business Logic","Role Validation"],"fullName":" EventController createEvent Event Creation Business Logic Role Validation should assign UUIDs to roles and calculate total slots","status":"passed","title":"should assign UUIDs to roles and calculate total slots","duration":1,"failureMessages":[]},{"ancestorTitles":["","EventController","createEvent","Event Creation Business Logic","Organizer Details Processing"],"fullName":" EventController createEvent Event Creation Business Logic Organizer Details Processing should process organizer details with placeholder contact info","status":"passed","title":"should process organizer details with placeholder contact info","duration":0,"failureMessages":[]},{"ancestorTitles":["","EventController","createEvent","Event Creation Business Logic","Organizer Details Processing"],"fullName":" EventController createEvent Event Creation Business Logic Organizer Details Processing should handle empty organizer details array","status":"passed","title":"should handle empty organizer details array","duration":1,"failureMessages":[]},{"ancestorTitles":["","EventController","createEvent","Event Creation Business Logic","Organizer Details Processing"],"fullName":" EventController createEvent Event Creation Business Logic Organizer Details Processing should handle missing organizer details field","status":"passed","title":"should handle missing organizer details field","duration":1,"failureMessages":[]},{"ancestorTitles":["","EventController","createEvent","Event Creation Business Logic","Database Error Handling"],"fullName":" EventController createEvent Event Creation Business Logic Database Error Handling should handle event save failures gracefully","status":"passed","title":"should handle event save failures gracefully","duration":0,"failureMessages":[]},{"ancestorTitles":["","EventController","createEvent","Event Creation Business Logic","Database Error Handling"],"fullName":" EventController createEvent Event Creation Business Logic Database Error Handling continues when fetching email recipients fails (background emails)","status":"passed","title":"continues when fetching email recipients fails (background emails)","duration":0,"failureMessages":[]},{"ancestorTitles":["","EventController","createEvent","Event Creation Business Logic","Database Error Handling"],"fullName":" EventController createEvent Event Creation Business Logic Database Error Handling falls back to raw event when population fails after creation","status":"passed","title":"falls back to raw event when population fails after creation","duration":1,"failureMessages":[]},{"ancestorTitles":["","EventController","createEvent","Event Creation Business Logic","Database Error Handling"],"fullName":" EventController createEvent Event Creation Business Logic Database Error Handling handles empty co-organizer list by skipping notifications","status":"passed","title":"handles empty co-organizer list by skipping notifications","duration":0,"failureMessages":[]},{"ancestorTitles":["","EventController","createEvent","Event Creation Business Logic","Database Error Handling"],"fullName":" EventController createEvent Event Creation Business Logic Database Error Handling doesn't fail when processing co-organizer notifications rejects (Promise.all catch)","status":"passed","title":"doesn't fail when processing co-organizer notifications rejects (Promise.all catch)","duration":3,"failureMessages":[]},{"ancestorTitles":["","EventController","createEvent","Event Creation Business Logic","Database Error Handling"],"fullName":" EventController createEvent Event Creation Business Logic Database Error Handling skips system message when co-organizer user lookup returns null (no createTargetedSystemMessage)","status":"passed","title":"skips system message when co-organizer user lookup returns null (no createTargetedSystemMessage)","duration":0,"failureMessages":[]},{"ancestorTitles":["","EventController","createEvent"],"fullName":" EventController createEvent handles system message failure gracefully and still returns 201","status":"passed","title":"handles system message failure gracefully and still returns 201","duration":1,"failureMessages":[]},{"ancestorTitles":["","EventController","createEvent"],"fullName":" EventController createEvent logs 'No co-organizers found' branch when organizerDetails present but none resolved","status":"passed","title":"logs 'No co-organizers found' branch when organizerDetails present but none resolved","duration":0,"failureMessages":[]},{"ancestorTitles":["","EventController","createEvent"],"fullName":" EventController createEvent processes event-wide email notifications in background (.then path)","status":"passed","title":"processes event-wide email notifications in background (.then path)","duration":1,"failureMessages":[]},{"ancestorTitles":["","EventController","updateEvent - no new co-organizers branch"],"fullName":" EventController updateEvent - no new co-organizers branch handles update with organizerDetails provided but no newly added co-organizers","status":"passed","title":"handles update with organizerDetails provided but no newly added co-organizers","duration":1,"failureMessages":[]},{"ancestorTitles":["","EventController","updateEvent"],"fullName":" EventController updateEvent should exist","status":"passed","title":"should exist","duration":0,"failureMessages":[]},{"ancestorTitles":["","EventController","updateEvent"],"fullName":" EventController updateEvent should successfully update an event","status":"passed","title":"should successfully update an event","duration":0,"failureMessages":[]},{"ancestorTitles":["","EventController","updateEvent"],"fullName":" EventController updateEvent triggers background aggregation .then after co-organizer update notifications","status":"passed","title":"triggers background aggregation .then after co-organizer update notifications","duration":1,"failureMessages":[]},{"ancestorTitles":["","EventController","updateEvent"],"fullName":" EventController updateEvent doesn't fail when processing co-organizer update notifications rejects (Promise.all catch)","status":"passed","title":"doesn't fail when processing co-organizer update notifications rejects (Promise.all catch)","duration":1,"failureMessages":[]},{"ancestorTitles":["","EventController","updateEvent"],"fullName":" EventController updateEvent should return 404 for non-existent event","status":"passed","title":"should return 404 for non-existent event","duration":0,"failureMessages":[]},{"ancestorTitles":["","EventController","updateEvent","Event Update Business Logic","Authentication and Authorization"],"fullName":" EventController updateEvent Event Update Business Logic Authentication and Authorization should reject unauthenticated users","status":"passed","title":"should reject unauthenticated users","duration":0,"failureMessages":[]},{"ancestorTitles":["","EventController","updateEvent","Event Update Business Logic","Authentication and Authorization"],"fullName":" EventController updateEvent Event Update Business Logic Authentication and Authorization should reject invalid event ID","status":"passed","title":"should reject invalid event ID","duration":0,"failureMessages":[]},{"ancestorTitles":["","EventController","updateEvent","Event Update Business Logic","Permission Validation"],"fullName":" EventController updateEvent Event Update Business Logic Permission Validation should allow users with EDIT_ANY_EVENT permission to edit any event","status":"passed","title":"should allow users with EDIT_ANY_EVENT permission to edit any event","duration":0,"failureMessages":[]},{"ancestorTitles":["","EventController","updateEvent","Event Update Business Logic","Permission Validation"],"fullName":" EventController updateEvent Event Update Business Logic Permission Validation should allow event creators to edit their own events","status":"passed","title":"should allow event creators to edit their own events","duration":1,"failureMessages":[]},{"ancestorTitles":["","EventController","updateEvent","Event Update Business Logic","Permission Validation"],"fullName":" EventController updateEvent Event Update Business Logic Permission Validation should allow co-organizers to edit events","status":"passed","title":"should allow co-organizers to edit events","duration":0,"failureMessages":[]},{"ancestorTitles":["","EventController","updateEvent","Event Update Business Logic","Permission Validation"],"fullName":" EventController updateEvent Event Update Business Logic Permission Validation should reject unauthorized users","status":"passed","title":"should reject unauthorized users","duration":0,"failureMessages":[]},{"ancestorTitles":["","EventController","updateEvent","Event Update Business Logic","Organizer Details Processing"],"fullName":" EventController updateEvent Event Update Business Logic Organizer Details Processing should process organizer details with placeholder contact info","status":"passed","title":"should process organizer details with placeholder contact info","duration":1,"failureMessages":[]},{"ancestorTitles":["","EventController","updateEvent","Event Update Business Logic","Organizer Details Processing"],"fullName":" EventController updateEvent Event Update Business Logic Organizer Details Processing should handle role updates when provided","status":"passed","title":"should handle role updates when provided","duration":0,"failureMessages":[]},{"ancestorTitles":["","EventController","updateEvent","Event Update Business Logic","Co-organizer Notification Logic"],"fullName":" EventController updateEvent Event Update Business Logic Co-organizer Notification Logic should send notifications to newly added co-organizers","status":"passed","title":"should send notifications to newly added co-organizers","duration":0,"failureMessages":[]},{"ancestorTitles":["","EventController","updateEvent","Event Update Business Logic","Co-organizer Notification Logic"],"fullName":" EventController updateEvent Event Update Business Logic Co-organizer Notification Logic should not send notifications to existing co-organizers","status":"passed","title":"should not send notifications to existing co-organizers","duration":1,"failureMessages":[]},{"ancestorTitles":["","EventController","updateEvent","Event Update Business Logic","Co-organizer Notification Logic"],"fullName":" EventController updateEvent Event Update Business Logic Co-organizer Notification Logic triggers background aggregation .then after update co-organizer notifications","status":"passed","title":"triggers background aggregation .then after update co-organizer notifications","duration":2,"failureMessages":[]},{"ancestorTitles":["","EventController","updateEvent","Event Update Business Logic","Co-organizer Notification Logic"],"fullName":" EventController updateEvent Event Update Business Logic Co-organizer Notification Logic handles error during new co-organizer lookup gracefully (catch path)","status":"passed","title":"handles error during new co-organizer lookup gracefully (catch path)","duration":0,"failureMessages":[]},{"ancestorTitles":["","EventController","updateEvent","Event Update Business Logic","Co-organizer Notification Logic"],"fullName":" EventController updateEvent Event Update Business Logic Co-organizer Notification Logic continues when some update co-organizer sends fail (caught inside map)","status":"passed","title":"continues when some update co-organizer sends fail (caught inside map)","duration":2,"failureMessages":[]},{"ancestorTitles":["","EventController","updateEvent","Event Update Business Logic","Co-organizer Notification Logic"],"fullName":" EventController updateEvent Event Update Business Logic Co-organizer Notification Logic uses the same co-organizer assignment templates on update (email + system message) with actor as sender","status":"passed","title":"uses the same co-organizer assignment templates on update (email + system message) with actor as sender","duration":2,"failureMessages":[]},{"ancestorTitles":["","EventController","updateEvent","Event Update Business Logic","Event Edited Notifications (participants & guests)"],"fullName":" EventController updateEvent Event Update Business Logic Event Edited Notifications (participants & guests) sends emails to participants and guests and creates targeted system messages for participants","status":"passed","title":"sends emails to participants and guests and creates targeted system messages for participants","duration":1,"failureMessages":[]},{"ancestorTitles":["","EventController","updateEvent","Event Update Business Logic","Event Edited Notifications (participants & guests)"],"fullName":" EventController updateEvent Event Update Business Logic Event Edited Notifications (participants & guests) handles when there are no participants or guests gracefully","status":"passed","title":"handles when there are no participants or guests gracefully","duration":2,"failureMessages":[]},{"ancestorTitles":["","EventController","updateEvent","Event Update Business Logic","Event Edited Notifications (participants & guests)"],"fullName":" EventController updateEvent Event Update Business Logic Event Edited Notifications (participants & guests) resolves participant userIds by email when _id is missing and still creates system messages","status":"passed","title":"resolves participant userIds by email when _id is missing and still creates system messages","duration":1,"failureMessages":[]},{"ancestorTitles":["","EventController","updateEvent","Event Update Business Logic","Database Error Handling"],"fullName":" EventController updateEvent Event Update Business Logic Database Error Handling returns 400 when update validation fails","status":"passed","title":"returns 400 when update validation fails","duration":1,"failureMessages":[]},{"ancestorTitles":["","EventController","updateEvent","Event Update Business Logic","Database Error Handling"],"fullName":" EventController updateEvent Event Update Business Logic Database Error Handling returns 500 when saving event fails with unknown error","status":"passed","title":"returns 500 when saving event fails with unknown error","duration":0,"failureMessages":[]},{"ancestorTitles":["","EventController","updateEvent","Event Update Business Logic","Database Error Handling"],"fullName":" EventController updateEvent Event Update Business Logic Database Error Handling returns 500 when building response throws","status":"passed","title":"returns 500 when building response throws","duration":1,"failureMessages":[]},{"ancestorTitles":["","EventController","updateEvent"],"fullName":" EventController updateEvent returns 500 when an unexpected error occurs during update","status":"passed","title":"returns 500 when an unexpected error occurs during update","duration":0,"failureMessages":[]},{"ancestorTitles":["","EventController","updateEvent","Zoom Fields Update"],"fullName":" EventController updateEvent Zoom Fields Update should allow updating empty Zoom fields for Online events","status":"passed","title":"should allow updating empty Zoom fields for Online events","duration":0,"failureMessages":[]},{"ancestorTitles":["","EventController","updateEvent","Zoom Fields Update"],"fullName":" EventController updateEvent Zoom Fields Update should allow updating empty Zoom fields for Hybrid events","status":"passed","title":"should allow updating empty Zoom fields for Hybrid events","duration":1,"failureMessages":[]},{"ancestorTitles":["","EventController","updateEvent","Zoom Fields Update"],"fullName":" EventController updateEvent Zoom Fields Update should allow clearing existing Zoom fields","status":"passed","title":"should allow clearing existing Zoom fields","duration":0,"failureMessages":[]},{"ancestorTitles":["","EventController","updateEvent","Zoom Fields Update"],"fullName":" EventController updateEvent Zoom Fields Update should update hostedBy field correctly","status":"passed","title":"should update hostedBy field correctly","duration":0,"failureMessages":[]},{"ancestorTitles":["","EventController","Programs integration in create/update"],"fullName":" EventController Programs integration in create/update createEvent with programLabels pushes event to Program.events","status":"passed","title":"createEvent with programLabels pushes event to Program.events","duration":1,"failureMessages":[]},{"ancestorTitles":["","EventController","Programs integration in create/update"],"fullName":" EventController Programs integration in create/update updateEvent changes programLabels and syncs Program.events with pull/add","status":"passed","title":"updateEvent changes programLabels and syncs Program.events with pull/add","duration":1,"failureMessages":[]},{"ancestorTitles":["","EventController","deleteEvent"],"fullName":" EventController deleteEvent should exist","status":"passed","title":"should exist","duration":1,"failureMessages":[]},{"ancestorTitles":["","EventController","deleteEvent"],"fullName":" EventController deleteEvent should successfully delete an event","status":"passed","title":"should successfully delete an event","duration":0,"failureMessages":[]},{"ancestorTitles":["","EventController","deleteEvent"],"fullName":" EventController deleteEvent should return 404 for non-existent event","status":"passed","title":"should return 404 for non-existent event","duration":0,"failureMessages":[]},{"ancestorTitles":["","EventController","deleteEvent","Event Deletion Business Logic","Authentication and Authorization"],"fullName":" EventController deleteEvent Event Deletion Business Logic Authentication and Authorization should reject unauthenticated users","status":"passed","title":"should reject unauthenticated users","duration":0,"failureMessages":[]},{"ancestorTitles":["","EventController","deleteEvent","Event Deletion Business Logic","Authentication and Authorization"],"fullName":" EventController deleteEvent Event Deletion Business Logic Authentication and Authorization should reject invalid event ID","status":"passed","title":"should reject invalid event ID","duration":1,"failureMessages":[]},{"ancestorTitles":["","EventController","deleteEvent","Event Deletion Business Logic","Permission Validation"],"fullName":" EventController deleteEvent Event Deletion Business Logic Permission Validation should allow users with DELETE_ANY_EVENT permission to delete any event","status":"passed","title":"should allow users with DELETE_ANY_EVENT permission to delete any event","duration":0,"failureMessages":[]},{"ancestorTitles":["","EventController","deleteEvent","Event Deletion Business Logic","Permission Validation"],"fullName":" EventController deleteEvent Event Deletion Business Logic Permission Validation should allow event creators to delete their own events","status":"passed","title":"should allow event creators to delete their own events","duration":2,"failureMessages":[]},{"ancestorTitles":["","EventController","deleteEvent","Event Deletion Business Logic","Permission Validation"],"fullName":" EventController deleteEvent Event Deletion Business Logic Permission Validation should allow co-organizers to delete events","status":"passed","title":"should allow co-organizers to delete events","duration":0,"failureMessages":[]},{"ancestorTitles":["","EventController","deleteEvent","Event Deletion Business Logic","Permission Validation"],"fullName":" EventController deleteEvent Event Deletion Business Logic Permission Validation should reject unauthorized users","status":"passed","title":"should reject unauthorized users","duration":0,"failureMessages":[]},{"ancestorTitles":["","EventController","deleteEvent","Event Deletion Business Logic","Participant Cascade Handling"],"fullName":" EventController deleteEvent Event Deletion Business Logic Participant Cascade Handling should successfully delete events with no participants","status":"passed","title":"should successfully delete events with no participants","duration":1,"failureMessages":[]},{"ancestorTitles":["","EventController","deleteEvent","Event Deletion Business Logic","Participant Cascade Handling"],"fullName":" EventController deleteEvent Event Deletion Business Logic Participant Cascade Handling should reject deletion of events with participants for unauthorized users","status":"passed","title":"should reject deletion of events with participants for unauthorized users","duration":0,"failureMessages":[]},{"ancestorTitles":["","EventController","deleteEvent","Event Deletion Business Logic","Participant Cascade Handling"],"fullName":" EventController deleteEvent Event Deletion Business Logic Participant Cascade Handling should force delete events with participants for authorized users and cascade guest + program pull","status":"passed","title":"should force delete events with participants for authorized users and cascade guest + program pull","duration":0,"failureMessages":[]},{"ancestorTitles":["","EventController","deleteEvent","Event Deletion Business Logic","Participant Cascade Handling"],"fullName":" EventController deleteEvent Event Deletion Business Logic Participant Cascade Handling should handle cascade deletion for administrators","status":"passed","title":"should handle cascade deletion for administrators","duration":1,"failureMessages":[]},{"ancestorTitles":["","EventController","deleteEvent","Event Deletion Business Logic","Participant Cascade Handling"],"fullName":" EventController deleteEvent Event Deletion Business Logic Participant Cascade Handling should invalidate caches after delete (no participants)","status":"passed","title":"should invalidate caches after delete (no participants)","duration":0,"failureMessages":[]},{"ancestorTitles":["","EventController","deleteEvent","Event Deletion Business Logic","Participant Cascade Handling"],"fullName":" EventController deleteEvent Event Deletion Business Logic Participant Cascade Handling should invalidate caches after cascade delete (with participants)","status":"passed","title":"should invalidate caches after cascade delete (with participants)","duration":0,"failureMessages":[]},{"ancestorTitles":["","EventController","deleteEvent","Event Deletion Business Logic","Database Error Handling"],"fullName":" EventController deleteEvent Event Deletion Business Logic Database Error Handling should handle database errors gracefully","status":"passed","title":"should handle database errors gracefully","duration":1,"failureMessages":[]},{"ancestorTitles":["","EventController","signUpForEvent"],"fullName":" EventController signUpForEvent should exist","status":"passed","title":"should exist","duration":0,"failureMessages":[]},{"ancestorTitles":["","EventController","signUpForEvent"],"fullName":" EventController signUpForEvent should successfully sign up for an event","status":"passed","title":"should successfully sign up for an event","duration":0,"failureMessages":[]},{"ancestorTitles":["","EventController","signUpForEvent","Event Signup Business Logic","Authentication and Authorization"],"fullName":" EventController signUpForEvent Event Signup Business Logic Authentication and Authorization should reject unauthenticated users","status":"passed","title":"should reject unauthenticated users","duration":0,"failureMessages":[]},{"ancestorTitles":["","EventController","signUpForEvent","Event Signup Business Logic","Input Validation"],"fullName":" EventController signUpForEvent Event Signup Business Logic Input Validation should reject invalid event ID","status":"passed","title":"should reject invalid event ID","duration":0,"failureMessages":[]},{"ancestorTitles":["","EventController","signUpForEvent","Event Signup Business Logic","Input Validation"],"fullName":" EventController signUpForEvent Event Signup Business Logic Input Validation should reject missing roleId","status":"passed","title":"should reject missing roleId","duration":1,"failureMessages":[]},{"ancestorTitles":["","EventController","signUpForEvent","Event Signup Business Logic","Input Validation"],"fullName":" EventController signUpForEvent Event Signup Business Logic Input Validation should return 404 for non-existent event","status":"passed","title":"should return 404 for non-existent event","duration":0,"failureMessages":[]},{"ancestorTitles":["","EventController","signUpForEvent","Event Signup Business Logic","Event Status Validation"],"fullName":" EventController signUpForEvent Event Signup Business Logic Event Status Validation should reject signup for non-upcoming events","status":"passed","title":"should reject signup for non-upcoming events","duration":0,"failureMessages":[]},{"ancestorTitles":["","EventController","signUpForEvent","Event Signup Business Logic","Role Limit Validation (Removed)"],"fullName":" EventController signUpForEvent Event Signup Business Logic Role Limit Validation (Removed) should allow multiple roles without previous authorization-based limit","status":"passed","title":"should allow multiple roles without previous authorization-based limit","duration":5,"failureMessages":[]},{"ancestorTitles":["","EventController","signUpForEvent","Event Signup Business Logic","Role Permission Validation (Participant gating removed)"],"fullName":" EventController signUpForEvent Event Signup Business Logic Role Permission Validation (Participant gating removed) should allow Participants to sign up for any role now","status":"passed","title":"should allow Participants to sign up for any role now","duration":1,"failureMessages":[]},{"ancestorTitles":["","EventController","signUpForEvent","Event Signup Business Logic","Role Permission Validation (Participant gating removed)"],"fullName":" EventController signUpForEvent Event Signup Business Logic Role Permission Validation (Participant gating removed) should return 400 for non-existent role in event","status":"passed","title":"should return 400 for non-existent role in event","duration":0,"failureMessages":[]},{"ancestorTitles":["","EventController","cancelSignup"],"fullName":" EventController cancelSignup should exist","status":"passed","title":"should exist","duration":1,"failureMessages":[]},{"ancestorTitles":["","EventController","cancelSignup"],"fullName":" EventController cancelSignup should successfully cancel event signup","status":"passed","title":"should successfully cancel event signup","duration":0,"failureMessages":[]},{"ancestorTitles":["","EventController","cancelSignup","Negative Cases"],"fullName":" EventController cancelSignup Negative Cases should 400 on invalid event id","status":"passed","title":"should 400 on invalid event id","duration":0,"failureMessages":[]},{"ancestorTitles":["","EventController","cancelSignup","Negative Cases"],"fullName":" EventController cancelSignup Negative Cases should 401 when unauthenticated","status":"passed","title":"should 401 when unauthenticated","duration":1,"failureMessages":[]},{"ancestorTitles":["","EventController","cancelSignup","Negative Cases"],"fullName":" EventController cancelSignup Negative Cases should 404 when event not found","status":"passed","title":"should 404 when event not found","duration":0,"failureMessages":[]},{"ancestorTitles":["","EventController","cancelSignup","Negative Cases"],"fullName":" EventController cancelSignup Negative Cases should 404 when role not found","status":"passed","title":"should 404 when role not found","duration":0,"failureMessages":[]},{"ancestorTitles":["","EventController","cancelSignup","Negative Cases"],"fullName":" EventController cancelSignup Negative Cases should 400 when user not signed up for role","status":"passed","title":"should 400 when user not signed up for role","duration":1,"failureMessages":[]},{"ancestorTitles":["","EventController","cancelSignup","Negative Cases"],"fullName":" EventController cancelSignup Negative Cases returns 500 when event.save fails during cancellation","status":"passed","title":"returns 500 when event.save fails during cancellation","duration":1,"failureMessages":[]},{"ancestorTitles":["","EventController","getUserEvents"],"fullName":" EventController getUserEvents should exist","status":"passed","title":"should exist","duration":0,"failureMessages":[]},{"ancestorTitles":["","EventController","getUserEvents"],"fullName":" EventController getUserEvents should successfully get user events","status":"passed","title":"should successfully get user events","duration":1,"failureMessages":[]},{"ancestorTitles":["","EventController","getUserEvents"],"fullName":" EventController getUserEvents should handle database errors with 500","status":"passed","title":"should handle database errors with 500","duration":0,"failureMessages":[]},{"ancestorTitles":["","EventController","getUserEvents"],"fullName":" EventController getUserEvents should 401 when unauthenticated","status":"passed","title":"should 401 when unauthenticated","duration":0,"failureMessages":[]},{"ancestorTitles":["","EventController","getUserEvents"],"fullName":" EventController getUserEvents computes stats, dedupes unique events, filters null eventId, and uses snapshot when role not found","status":"passed","title":"computes stats, dedupes unique events, filters null eventId, and uses snapshot when role not found","duration":1,"failureMessages":[]},{"ancestorTitles":["","EventController","getCreatedEvents"],"fullName":" EventController getCreatedEvents should exist","status":"passed","title":"should exist","duration":0,"failureMessages":[]},{"ancestorTitles":["","EventController","getCreatedEvents"],"fullName":" EventController getCreatedEvents should successfully get created events","status":"passed","title":"should successfully get created events","duration":1,"failureMessages":[]},{"ancestorTitles":["","EventController","getCreatedEvents"],"fullName":" EventController getCreatedEvents should 401 when unauthenticated","status":"passed","title":"should 401 when unauthenticated","duration":0,"failureMessages":[]},{"ancestorTitles":["","EventController","getCreatedEvents"],"fullName":" EventController getCreatedEvents should handle database errors with 500","status":"passed","title":"should handle database errors with 500","duration":0,"failureMessages":[]},{"ancestorTitles":["","EventController","removeUserFromRole"],"fullName":" EventController removeUserFromRole should exist","status":"passed","title":"should exist","duration":1,"failureMessages":[]},{"ancestorTitles":["","EventController","removeUserFromRole","Business Logic"],"fullName":" EventController removeUserFromRole Business Logic should return 404 when event not found","status":"passed","title":"should return 404 when event not found","duration":0,"failureMessages":[]},{"ancestorTitles":["","EventController","removeUserFromRole","Business Logic"],"fullName":" EventController removeUserFromRole Business Logic should return 404 when role not found","status":"passed","title":"should return 404 when role not found","duration":1,"failureMessages":[]},{"ancestorTitles":["","EventController","removeUserFromRole","Business Logic"],"fullName":" EventController removeUserFromRole Business Logic should return 404 when registration not found","status":"passed","title":"should return 404 when registration not found","duration":0,"failureMessages":[]},{"ancestorTitles":["","EventController","removeUserFromRole","Business Logic"],"fullName":" EventController removeUserFromRole Business Logic should remove user from role successfully","status":"passed","title":"should remove user from role successfully","duration":1,"failureMessages":[]},{"ancestorTitles":["","EventController","removeUserFromRole","Business Logic"],"fullName":" EventController removeUserFromRole Business Logic returns 500 when saving event fails after deletion","status":"passed","title":"returns 500 when saving event fails after deletion","duration":0,"failureMessages":[]},{"ancestorTitles":["","EventController","removeUserFromRole","Business Logic","Lock and Concurrency Edge Cases"],"fullName":" EventController removeUserFromRole Business Logic Lock and Concurrency Edge Cases should complete signup successfully under lock and emit updates","status":"passed","title":"should complete signup successfully under lock and emit updates","duration":0,"failureMessages":[]},{"ancestorTitles":["","EventController","removeUserFromRole","Business Logic","Lock and Concurrency Edge Cases"],"fullName":" EventController removeUserFromRole Business Logic Lock and Concurrency Edge Cases should 503 on lock timeout","status":"passed","title":"should 503 on lock timeout","duration":1,"failureMessages":[]},{"ancestorTitles":["","EventController","removeUserFromRole","Business Logic","Lock and Concurrency Edge Cases"],"fullName":" EventController removeUserFromRole Business Logic Lock and Concurrency Edge Cases should 400 when role capacity full under lock","status":"passed","title":"should 400 when role capacity full under lock","duration":0,"failureMessages":[]},{"ancestorTitles":["","EventController","removeUserFromRole","Business Logic","Lock and Concurrency Edge Cases"],"fullName":" EventController removeUserFromRole Business Logic Lock and Concurrency Edge Cases should 400 when duplicate registration found under lock","status":"passed","title":"should 400 when duplicate registration found under lock","duration":1,"failureMessages":[]},{"ancestorTitles":["","EventController","removeUserFromRole","Business Logic","Lock and Concurrency Edge Cases"],"fullName":" EventController removeUserFromRole Business Logic Lock and Concurrency Edge Cases should 400 on outer-catch timeout error","status":"passed","title":"should 400 on outer-catch timeout error","duration":0,"failureMessages":[]},{"ancestorTitles":["","EventController","removeUserFromRole","Business Logic","Lock and Concurrency Edge Cases"],"fullName":" EventController removeUserFromRole Business Logic Lock and Concurrency Edge Cases should 500 on unknown error during signup (outer catch)","status":"passed","title":"should 500 on unknown error during signup (outer catch)","duration":1,"failureMessages":[]},{"ancestorTitles":["","EventController","updateAllEventStatuses"],"fullName":" EventController updateAllEventStatuses should exist","status":"passed","title":"should exist","duration":0,"failureMessages":[]},{"ancestorTitles":["","EventController","updateAllEventStatuses"],"fullName":" EventController updateAllEventStatuses should update only events with status changes","status":"passed","title":"should update only events with status changes","duration":0,"failureMessages":[]},{"ancestorTitles":["","EventController","updateAllEventStatuses"],"fullName":" EventController updateAllEventStatuses should handle errors and return 500","status":"passed","title":"should handle errors and return 500","duration":1,"failureMessages":[]},{"ancestorTitles":["","EventController","recalculateSignupCounts"],"fullName":" EventController recalculateSignupCounts should exist","status":"passed","title":"should exist","duration":0,"failureMessages":[]},{"ancestorTitles":["","EventController","recalculateSignupCounts"],"fullName":" EventController recalculateSignupCounts should recalculate signup counts for events with mismatched counts","status":"passed","title":"should recalculate signup counts for events with mismatched counts","duration":1,"failureMessages":[]},{"ancestorTitles":["","EventController","recalculateSignupCounts"],"fullName":" EventController recalculateSignupCounts should return 500 on database error","status":"passed","title":"should return 500 on database error","duration":1,"failureMessages":[]},{"ancestorTitles":["","EventController","recalculateSignupCounts"],"fullName":" EventController recalculateSignupCounts deletes event with participants when authorized and reports deletedRegistrations","status":"passed","title":"deletes event with participants when authorized and reports deletedRegistrations","duration":0,"failureMessages":[]},{"ancestorTitles":["","EventController","recalculateSignupCounts"],"fullName":" EventController recalculateSignupCounts returns 403 when user lacks delete permission (participants present)","status":"passed","title":"returns 403 when user lacks delete permission (participants present)","duration":1,"failureMessages":[]},{"ancestorTitles":["","EventController","getEventParticipants"],"fullName":" EventController getEventParticipants should exist","status":"passed","title":"should exist","duration":0,"failureMessages":[]},{"ancestorTitles":["","EventController","getEventParticipants","Business Logic"],"fullName":" EventController getEventParticipants Business Logic should return 400 for invalid event id","status":"passed","title":"should return 400 for invalid event id","duration":1,"failureMessages":[]},{"ancestorTitles":["","EventController","getEventParticipants","Business Logic"],"fullName":" EventController getEventParticipants Business Logic should return 401 when unauthenticated","status":"passed","title":"should return 401 when unauthenticated","duration":0,"failureMessages":[]},{"ancestorTitles":["","EventController","getEventParticipants","Business Logic"],"fullName":" EventController getEventParticipants Business Logic should return 404 when event not found","status":"passed","title":"should return 404 when event not found","duration":0,"failureMessages":[]},{"ancestorTitles":["","EventController","getEventParticipants","Business Logic"],"fullName":" EventController getEventParticipants Business Logic should return 403 when user lacks permission and is not organizer","status":"passed","title":"should return 403 when user lacks permission and is not organizer","duration":1,"failureMessages":[]},{"ancestorTitles":["","EventController","getEventParticipants","Business Logic"],"fullName":" EventController getEventParticipants Business Logic should return participants for event organizer","status":"passed","title":"should return participants for event organizer","duration":0,"failureMessages":[]},{"ancestorTitles":["","EventController","getEventParticipants","Business Logic"],"fullName":" EventController getEventParticipants Business Logic should return 500 on database error during participants fetch","status":"passed","title":"should return 500 on database error during participants fetch","duration":1,"failureMessages":[]},{"ancestorTitles":["","EventController","moveUserBetweenRoles"],"fullName":" EventController moveUserBetweenRoles should exist","status":"passed","title":"should exist","duration":0,"failureMessages":[]},{"ancestorTitles":["","EventController","moveUserBetweenRoles","Business Logic"],"fullName":" EventController moveUserBetweenRoles Business Logic should 404 when event not found","status":"passed","title":"should 404 when event not found","duration":1,"failureMessages":[]},{"ancestorTitles":["","EventController","moveUserBetweenRoles","Business Logic"],"fullName":" EventController moveUserBetweenRoles Business Logic should 404 when source or target role missing","status":"passed","title":"should 404 when source or target role missing","duration":0,"failureMessages":[]},{"ancestorTitles":["","EventController","moveUserBetweenRoles","Business Logic"],"fullName":" EventController moveUserBetweenRoles Business Logic should 404 when user not in source role","status":"passed","title":"should 404 when user not in source role","duration":0,"failureMessages":[]},{"ancestorTitles":["","EventController","moveUserBetweenRoles","Business Logic"],"fullName":" EventController moveUserBetweenRoles Business Logic should 400 when target role full (pre-check)","status":"passed","title":"should 400 when target role full (pre-check)","duration":1,"failureMessages":[]},{"ancestorTitles":["","EventController","moveUserBetweenRoles","Business Logic"],"fullName":" EventController moveUserBetweenRoles Business Logic should move user between roles successfully","status":"passed","title":"should move user between roles successfully","duration":0,"failureMessages":[]},{"ancestorTitles":["","EventController","moveUserBetweenRoles","Business Logic"],"fullName":" EventController moveUserBetweenRoles Business Logic should handle race condition where target becomes full during move","status":"passed","title":"should handle race condition where target becomes full during move","duration":1,"failureMessages":[]},{"ancestorTitles":["","EventController","moveUserBetweenRoles","Business Logic"],"fullName":" EventController moveUserBetweenRoles Business Logic returns 500 for non-capacity errors during move (outer catch)","status":"passed","title":"returns 500 for non-capacity errors during move (outer catch)","duration":0,"failureMessages":[]},{"ancestorTitles":["","EventController","assignUserToRole"],"fullName":" EventController assignUserToRole emits user_assigned socket event and returns updated event","status":"passed","title":"emits user_assigned socket event and returns updated event","duration":2,"failureMessages":[]},{"ancestorTitles":["","EventController","publishEvent - Edge Cases"],"fullName":" EventController publishEvent - Edge Cases returns 400 for invalid event ID format","status":"passed","title":"returns 400 for invalid event ID format","duration":0,"failureMessages":[]},{"ancestorTitles":["","EventController","publishEvent - Edge Cases"],"fullName":" EventController publishEvent - Edge Cases returns 404 when event does not exist","status":"passed","title":"returns 404 when event does not exist","duration":0,"failureMessages":[]},{"ancestorTitles":["","EventController","publishEvent - Edge Cases"],"fullName":" EventController publishEvent - Edge Cases returns 422 with missing fields when validation fails","status":"passed","title":"returns 422 with missing fields when validation fails","duration":4,"failureMessages":[]},{"ancestorTitles":["","EventController","checkTimeConflict - Edge Cases"],"fullName":" EventController checkTimeConflict - Edge Cases handles point mode conflict check","status":"passed","title":"handles point mode conflict check","duration":1,"failureMessages":[]},{"ancestorTitles":["","EventController","checkTimeConflict - Edge Cases"],"fullName":" EventController checkTimeConflict - Edge Cases succeeds when timeZone is omitted (uses local time)","status":"passed","title":"succeeds when timeZone is omitted (uses local time)","duration":1,"failureMessages":[]},{"ancestorTitles":["","EventController","checkTimeConflict - Edge Cases"],"fullName":" EventController checkTimeConflict - Edge Cases returns 400 when startDate is missing","status":"passed","title":"returns 400 when startDate is missing","duration":0,"failureMessages":[]},{"ancestorTitles":["","EventController","checkTimeConflict - Edge Cases"],"fullName":" EventController checkTimeConflict - Edge Cases returns 500 on database error","status":"passed","title":"returns 500 on database error","duration":0,"failureMessages":[]},{"ancestorTitles":["","EventController","checkTimeConflict - Edge Cases"],"fullName":" EventController checkTimeConflict - Edge Cases detects conflicts across timezone boundaries","status":"passed","title":"detects conflicts across timezone boundaries","duration":3,"failureMessages":[]}],"startTime":1761285460946,"endTime":1761285461086,"status":"passed","message":"","name":"/Users/dr.hunter/CS Projects/at-Cloud-sign-up-system/backend/tests/unit/controllers/eventController.test.ts"},{"assertionResults":[{"ancestorTitles":["","updateAllEventStatusesHelper timezone regression"],"fullName":" updateAllEventStatusesHelper timezone regression keeps event ongoing at 16:45 local when end is 18:00","status":"passed","title":"keeps event ongoing at 16:45 local when end is 18:00","duration":2,"failureMessages":[]}],"startTime":1761285461328,"endTime":1761285461330,"status":"passed","message":"","name":"/Users/dr.hunter/CS Projects/at-Cloud-sign-up-system/backend/tests/unit/controllers/eventController.timezoneBatchStatus.test.ts"},{"assertionResults":[{"ancestorTitles":["","EventController.updateWorkshopGroupTopic authorization"],"fullName":" EventController.updateWorkshopGroupTopic authorization allows event initiator (createdBy) to update","status":"passed","title":"allows event initiator (createdBy) to update","duration":1,"failureMessages":[]},{"ancestorTitles":["","EventController.updateWorkshopGroupTopic authorization"],"fullName":" EventController.updateWorkshopGroupTopic authorization allows co-organizer in organizerDetails to update","status":"passed","title":"allows co-organizer in organizerDetails to update","duration":1,"failureMessages":[]},{"ancestorTitles":["","EventController.updateWorkshopGroupTopic authorization"],"fullName":" EventController.updateWorkshopGroupTopic authorization allows specific Group Leader to update only their group","status":"passed","title":"allows specific Group Leader to update only their group","duration":0,"failureMessages":[]},{"ancestorTitles":["","EventController.updateWorkshopGroupTopic authorization"],"fullName":" EventController.updateWorkshopGroupTopic authorization rejects when event is not Effective Communication Workshop","status":"passed","title":"rejects when event is not Effective Communication Workshop","duration":0,"failureMessages":[]}],"startTime":1761285461273,"endTime":1761285461275,"status":"passed","message":"","name":"/Users/dr.hunter/CS Projects/at-Cloud-sign-up-system/backend/tests/unit/controllers/eventController.updateWorkshopGroupTopic.auth.test.ts"}]}